[2012-03-01 19:40:14] request.ERROR: Symfony\Component\HttpKernel\Exception\NotFoundHttpException: No route found for "GET /" (uncaught exception) at D:\wamp\www\symfony2\Symfony\vendor\symfony\src\Symfony\Bundle\FrameworkBundle\EventListener\RouterListener.php line 83 [] []
[2012-06-10 17:35:58] request.ERROR: Symfony\Component\HttpKernel\Exception\NotFoundHttpException: No route found for "GET /elevage" (uncaught exception) at D:\wamp\www\Elevage\vendor\symfony\src\Symfony\Bundle\FrameworkBundle\EventListener\RouterListener.php line 83 [] []
[2012-06-10 18:57:00] request.ERROR: Symfony\Component\HttpKernel\Exception\NotFoundHttpException: No route found for "GET /bundles/patrickelevage/css/style.css" (uncaught exception) at D:\wamp\www\Elevage\vendor\symfony\src\Symfony\Bundle\FrameworkBundle\EventListener\RouterListener.php line 83 [] []
[2012-06-10 18:57:56] request.ERROR: Symfony\Component\HttpKernel\Exception\NotFoundHttpException: No route found for "GET /bundles/patrickelevage/css/style.css" (uncaught exception) at D:\wamp\www\Elevage\app\cache\prod\classes.php line 4564 [] []
[2012-06-10 19:05:03] request.ERROR: Symfony\Component\HttpKernel\Exception\NotFoundHttpException: No route found for "GET /bundles/patrickelevage/css/style.css" (uncaught exception) at D:\wamp\www\Elevage\app\cache\prod\classes.php line 4564 [] []
[2012-06-13 17:54:54] request.ERROR: Symfony\Component\HttpKernel\Exception\NotFoundHttpException: No route found for "GET /bundles/patrickelevagebundles/images/banner.gif" (uncaught exception) at D:\wamp\www\Elevage\app\cache\prod\classes.php line 4564 [] []
[2012-06-13 19:21:19] request.ERROR: Symfony\Component\HttpKernel\Exception\NotFoundHttpException: No route found for "GET /bundles/patrickelevage/js/menu.js" (uncaught exception) at D:\wamp\www\Elevage\app\cache\prod\classes.php line 4564 [] []
[2012-06-15 08:44:30] request.ERROR: Symfony\Component\HttpKernel\Exception\NotFoundHttpException: No route found for "GET /bundles/patrickelevage/img/arrow_down.png" (uncaught exception) at D:\wamp\www\Elevage\app\cache\prod\classes.php line 4564 [] []
[2012-06-15 08:44:30] request.ERROR: Symfony\Component\HttpKernel\Exception\NotFoundHttpException: No route found for "GET /bundles/patrickelevage/img/separator.png" (uncaught exception) at D:\wamp\www\Elevage\app\cache\prod\classes.php line 4564 [] []
[2012-06-15 08:48:56] request.ERROR: Symfony\Component\HttpKernel\Exception\NotFoundHttpException: No route found for "GET /bundles/patrickelevage/img/separator.png" (uncaught exception) at D:\wamp\www\Elevage\app\cache\prod\classes.php line 4564 [] []
[2012-06-15 08:48:56] request.ERROR: Symfony\Component\HttpKernel\Exception\NotFoundHttpException: No route found for "GET /bundles/patrickelevage/img/arrow_down.png" (uncaught exception) at D:\wamp\www\Elevage\app\cache\prod\classes.php line 4564 [] []
[2012-06-15 08:48:58] request.ERROR: Symfony\Component\HttpKernel\Exception\NotFoundHttpException: No route found for "GET /bundles/patrickelevage/img/hover.png" (uncaught exception) at D:\wamp\www\Elevage\app\cache\prod\classes.php line 4564 [] []
[2012-06-15 08:48:58] request.ERROR: Symfony\Component\HttpKernel\Exception\NotFoundHttpException: No route found for "GET /bundles/patrickelevage/img/arrow_right.png" (uncaught exception) at D:\wamp\www\Elevage\app\cache\prod\classes.php line 4564 [] []
[2012-06-15 08:49:19] request.ERROR: Symfony\Component\HttpKernel\Exception\NotFoundHttpException: No route found for "GET /bundles/patrickelevage/img/separator.png" (uncaught exception) at D:\wamp\www\Elevage\app\cache\prod\classes.php line 4564 [] []
[2012-06-15 08:49:19] request.ERROR: Symfony\Component\HttpKernel\Exception\NotFoundHttpException: No route found for "GET /bundles/patrickelevage/img/arrow_down.png" (uncaught exception) at D:\wamp\www\Elevage\app\cache\prod\classes.php line 4564 [] []
[2012-06-15 08:49:19] request.ERROR: Symfony\Component\HttpKernel\Exception\NotFoundHttpException: No route found for "GET /bundles/patrickelevage/img/main.png" (uncaught exception) at D:\wamp\www\Elevage\app\cache\prod\classes.php line 4564 [] []
[2012-06-15 08:49:19] request.ERROR: Symfony\Component\HttpKernel\Exception\NotFoundHttpException: No route found for "GET /bundles/patrickelevage/img/arrow_right.png" (uncaught exception) at D:\wamp\www\Elevage\app\cache\prod\classes.php line 4564 [] []
[2012-06-15 08:49:20] request.ERROR: Symfony\Component\HttpKernel\Exception\NotFoundHttpException: No route found for "GET /bundles/patrickelevage/img/hover.png" (uncaught exception) at D:\wamp\www\Elevage\app\cache\prod\classes.php line 4564 [] []
[2012-06-18 16:17:13] request.ERROR: Symfony\Component\HttpKernel\Exception\NotFoundHttpException: No route found for "GET /bundles/patrickelevage/image/bg_accueil.jpg" (uncaught exception) at D:\wamp\www\Elevage\app\cache\prod\classes.php line 4564 [] []
[2012-06-18 16:17:28] request.ERROR: Symfony\Component\HttpKernel\Exception\NotFoundHttpException: No route found for "GET /bundles/patrickelevage/image/bg_accueil.jpg" (uncaught exception) at D:\wamp\www\Elevage\app\cache\prod\classes.php line 4564 [] []
[2012-06-24 13:51:25] security.DEBUG: Read SecurityContext from the session [] []
[2012-06-24 13:51:25] security.DEBUG: Reloading user from user provider. [] []
[2012-06-24 13:51:25] security.DEBUG: Username "webmaster" was reloaded from user provider. [] []
[2012-06-24 13:51:25] request.ERROR: Symfony\Component\HttpKernel\Exception\NotFoundHttpException: No route found for "GET /bundles/upload/thumb/thumb_fb-is-boring.jpg" (uncaught exception) at D:\wamp\www\Elevage\vendor\symfony\src\Symfony\Bundle\FrameworkBundle\EventListener\RouterListener.php line 83 [] []
[2012-06-24 13:51:25] security.DEBUG: Write SecurityContext in the session [] []
[2012-06-24 13:51:25] security.DEBUG: Read SecurityContext from the session [] []
[2012-06-24 13:51:25] security.DEBUG: Reloading user from user provider. [] []
[2012-06-24 13:51:25] security.DEBUG: Username "webmaster" was reloaded from user provider. [] []
[2012-06-24 13:51:25] request.ERROR: Symfony\Component\HttpKernel\Exception\NotFoundHttpException: No route found for "GET /bundles/upload/thumb/thumb_working_hard_pc.gif" (uncaught exception) at D:\wamp\www\Elevage\vendor\symfony\src\Symfony\Bundle\FrameworkBundle\EventListener\RouterListener.php line 83 [] []
[2012-06-24 13:51:25] security.DEBUG: Write SecurityContext in the session [] []
[2012-06-24 13:51:47] security.DEBUG: Read SecurityContext from the session [] []
[2012-06-24 13:51:47] security.DEBUG: Reloading user from user provider. [] []
[2012-06-24 13:51:47] security.DEBUG: Username "webmaster" was reloaded from user provider. [] []
[2012-06-24 13:51:47] request.ERROR: Symfony\Component\HttpKernel\Exception\NotFoundHttpException: No route found for "GET /bundles/upload/thumb/thumb_berger-de-caucase-chien.jpg" (uncaught exception) at D:\wamp\www\Elevage\vendor\symfony\src\Symfony\Bundle\FrameworkBundle\EventListener\RouterListener.php line 83 [] []
[2012-06-24 13:51:47] security.DEBUG: Write SecurityContext in the session [] []
[2012-06-24 13:54:52] security.DEBUG: Read SecurityContext from the session [] []
[2012-06-24 13:54:52] security.DEBUG: Reloading user from user provider. [] []
[2012-06-24 13:54:52] security.DEBUG: Username "webmaster" was reloaded from user provider. [] []
[2012-06-24 13:54:52] request.ERROR: Symfony\Component\HttpKernel\Exception\NotFoundHttpException: No route found for "GET /bundles/upload/thumb/thumb_berger-de-caucase-chien.jpg" (uncaught exception) at D:\wamp\www\Elevage\app\cache\prod\classes.php line 4564 [] []
[2012-06-24 13:54:52] security.DEBUG: Write SecurityContext in the session [] []
[2012-06-24 13:54:53] security.DEBUG: Read SecurityContext from the session [] []
[2012-06-24 13:54:53] security.DEBUG: Reloading user from user provider. [] []
[2012-06-24 13:54:53] security.DEBUG: Username "webmaster" was reloaded from user provider. [] []
[2012-06-24 13:54:53] request.ERROR: Symfony\Component\HttpKernel\Exception\NotFoundHttpException: No route found for "GET /bundles/upload/thumb/" (uncaught exception) at D:\wamp\www\Elevage\app\cache\prod\classes.php line 4564 [] []
[2012-06-24 13:54:53] security.DEBUG: Write SecurityContext in the session [] []
[2012-06-24 13:55:17] security.DEBUG: Read SecurityContext from the session [] []
[2012-06-24 13:55:17] security.DEBUG: Reloading user from user provider. [] []
[2012-06-24 13:55:17] security.DEBUG: Username "webmaster" was reloaded from user provider. [] []
[2012-06-24 13:55:17] request.ERROR: Symfony\Component\HttpKernel\Exception\NotFoundHttpException: No route found for "GET /bundles/upload/thumb/thumb_berger-de-caucase-chien.jpg" (uncaught exception) at D:\wamp\www\Elevage\app\cache\prod\classes.php line 4564 [] []
[2012-06-24 13:55:17] security.DEBUG: Write SecurityContext in the session [] []
[2012-06-24 13:55:17] security.DEBUG: Read SecurityContext from the session [] []
[2012-06-24 13:55:17] security.DEBUG: Reloading user from user provider. [] []
[2012-06-24 13:55:17] security.DEBUG: Username "webmaster" was reloaded from user provider. [] []
[2012-06-24 13:55:17] request.ERROR: Symfony\Component\HttpKernel\Exception\NotFoundHttpException: No route found for "GET /bundles/upload/thumb/" (uncaught exception) at D:\wamp\www\Elevage\app\cache\prod\classes.php line 4564 [] []
[2012-06-24 13:55:17] security.DEBUG: Write SecurityContext in the session [] []
[2012-06-24 14:05:01] security.DEBUG: Read SecurityContext from the session [] []
[2012-06-24 14:05:01] security.DEBUG: Reloading user from user provider. [] []
[2012-06-24 14:05:01] security.DEBUG: Username "webmaster" was reloaded from user provider. [] []
[2012-06-24 14:05:01] request.ERROR: Symfony\Component\HttpKernel\Exception\NotFoundHttpException: No route found for "GET /bundles/upload/thumb/" (uncaught exception) at D:\wamp\www\Elevage\app\cache\prod\classes.php line 4564 [] []
[2012-06-24 14:05:01] security.DEBUG: Write SecurityContext in the session [] []
[2012-06-24 14:08:20] security.DEBUG: Read SecurityContext from the session [] []
[2012-06-24 14:08:20] security.DEBUG: Reloading user from user provider. [] []
[2012-06-24 14:08:20] security.DEBUG: Username "webmaster" was reloaded from user provider. [] []
[2012-06-24 14:08:20] request.ERROR: Symfony\Component\HttpKernel\Exception\NotFoundHttpException: No route found for "GET /bundles/upload/thumb/" (uncaught exception) at D:\wamp\www\Elevage\app\cache\prod\classes.php line 4564 [] []
[2012-06-24 14:08:20] security.DEBUG: Write SecurityContext in the session [] []
[2012-06-24 14:08:20] security.DEBUG: Read SecurityContext from the session [] []
[2012-06-24 14:08:20] security.DEBUG: Reloading user from user provider. [] []
[2012-06-24 14:08:20] security.DEBUG: Username "webmaster" was reloaded from user provider. [] []
[2012-06-24 14:08:20] request.ERROR: Symfony\Component\HttpKernel\Exception\NotFoundHttpException: No route found for "GET /bundles/upload/thumb/thumb_berger-de-caucase-chien.jpg" (uncaught exception) at D:\wamp\www\Elevage\app\cache\prod\classes.php line 4564 [] []
[2012-06-24 14:08:21] security.DEBUG: Write SecurityContext in the session [] []
[2012-06-24 14:08:41] security.DEBUG: Read SecurityContext from the session [] []
[2012-06-24 14:08:41] security.DEBUG: Reloading user from user provider. [] []
[2012-06-24 14:08:41] security.DEBUG: Username "webmaster" was reloaded from user provider. [] []
[2012-06-24 14:08:41] request.ERROR: Symfony\Component\HttpKernel\Exception\NotFoundHttpException: No route found for "GET /bundles/upload/thumb/thumb_berger-de-caucase-chien.jpg" (uncaught exception) at D:\wamp\www\Elevage\app\cache\prod\classes.php line 4564 [] []
[2012-06-24 14:08:41] security.DEBUG: Write SecurityContext in the session [] []
[2012-06-24 14:08:41] security.DEBUG: Read SecurityContext from the session [] []
[2012-06-24 14:08:41] security.DEBUG: Reloading user from user provider. [] []
[2012-06-24 14:08:42] security.DEBUG: Username "webmaster" was reloaded from user provider. [] []
[2012-06-24 14:08:42] request.ERROR: Symfony\Component\HttpKernel\Exception\NotFoundHttpException: No route found for "GET /bundles/upload/thumb/" (uncaught exception) at D:\wamp\www\Elevage\app\cache\prod\classes.php line 4564 [] []
[2012-06-24 14:08:42] security.DEBUG: Write SecurityContext in the session [] []
[2012-06-24 14:11:53] security.DEBUG: Read SecurityContext from the session [] []
[2012-06-24 14:11:53] security.DEBUG: Reloading user from user provider. [] []
[2012-06-24 14:11:53] security.DEBUG: Username "webmaster" was reloaded from user provider. [] []
[2012-06-24 14:11:53] request.ERROR: Symfony\Component\HttpKernel\Exception\NotFoundHttpException: No route found for "GET /bundles/upload/thumb/" (uncaught exception) at D:\wamp\www\Elevage\app\cache\prod\classes.php line 4564 [] []
[2012-06-24 14:11:53] security.DEBUG: Write SecurityContext in the session [] []
[2012-06-24 14:11:53] security.DEBUG: Read SecurityContext from the session [] []
[2012-06-24 14:11:53] security.DEBUG: Reloading user from user provider. [] []
[2012-06-24 14:11:53] security.DEBUG: Username "webmaster" was reloaded from user provider. [] []
[2012-06-24 14:11:53] request.ERROR: Symfony\Component\HttpKernel\Exception\NotFoundHttpException: No route found for "GET /bundles/upload/thumb/thumb_berger-de-caucase-chien.jpg" (uncaught exception) at D:\wamp\www\Elevage\app\cache\prod\classes.php line 4564 [] []
[2012-06-24 14:11:53] security.DEBUG: Write SecurityContext in the session [] []
[2012-06-24 14:12:10] security.DEBUG: Read SecurityContext from the session [] []
[2012-06-24 14:12:10] security.DEBUG: Reloading user from user provider. [] []
[2012-06-24 14:12:10] security.DEBUG: Username "webmaster" was reloaded from user provider. [] []
[2012-06-24 14:12:10] request.ERROR: Symfony\Component\HttpKernel\Exception\NotFoundHttpException: No route found for "GET /bundles/upload/thumb/" (uncaught exception) at D:\wamp\www\Elevage\app\cache\prod\classes.php line 4564 [] []
[2012-06-24 14:12:10] security.DEBUG: Write SecurityContext in the session [] []
[2012-06-24 14:12:10] security.DEBUG: Read SecurityContext from the session [] []
[2012-06-24 14:12:10] security.DEBUG: Reloading user from user provider. [] []
[2012-06-24 14:12:10] security.DEBUG: Username "webmaster" was reloaded from user provider. [] []
[2012-06-24 14:12:10] request.ERROR: Symfony\Component\HttpKernel\Exception\NotFoundHttpException: No route found for "GET /bundles/upload/thumb/thumb_berger-de-caucase-chien.jpg" (uncaught exception) at D:\wamp\www\Elevage\app\cache\prod\classes.php line 4564 [] []
[2012-06-24 14:12:10] security.DEBUG: Write SecurityContext in the session [] []
[2012-06-24 14:12:11] security.DEBUG: Read SecurityContext from the session [] []
[2012-06-24 14:12:11] security.DEBUG: Reloading user from user provider. [] []
[2012-06-24 14:12:11] security.DEBUG: Username "webmaster" was reloaded from user provider. [] []
[2012-06-24 14:12:11] request.ERROR: Symfony\Component\HttpKernel\Exception\NotFoundHttpException: No route found for "GET /bundles/upload/thumb/thumb_art_ascii_citizentroll_irc.png" (uncaught exception) at D:\wamp\www\Elevage\app\cache\prod\classes.php line 4564 [] []
[2012-06-24 14:12:11] security.DEBUG: Write SecurityContext in the session [] []
[2012-06-24 14:21:36] security.DEBUG: Read SecurityContext from the session [] []
[2012-06-24 14:21:36] security.DEBUG: Reloading user from user provider. [] []
[2012-06-24 14:21:36] security.DEBUG: Username "webmaster" was reloaded from user provider. [] []
[2012-06-24 14:21:36] request.ERROR: Symfony\Component\HttpKernel\Exception\NotFoundHttpException: No route found for "GET /bundles/upload/thumb/thumb_berger-de-caucase-chien.jpg" (uncaught exception) at D:\wamp\www\Elevage\app\cache\prod\classes.php line 4564 [] []
[2012-06-24 14:21:36] security.DEBUG: Write SecurityContext in the session [] []
[2012-06-24 14:21:37] security.DEBUG: Read SecurityContext from the session [] []
[2012-06-24 14:21:37] security.DEBUG: Reloading user from user provider. [] []
[2012-06-24 14:21:37] security.DEBUG: Username "webmaster" was reloaded from user provider. [] []
[2012-06-24 14:21:37] request.ERROR: Symfony\Component\HttpKernel\Exception\NotFoundHttpException: No route found for "GET /bundles/upload/thumb/" (uncaught exception) at D:\wamp\www\Elevage\app\cache\prod\classes.php line 4564 [] []
[2012-06-24 14:21:37] security.DEBUG: Write SecurityContext in the session [] []
[2012-06-24 14:21:48] security.DEBUG: Read SecurityContext from the session [] []
[2012-06-24 14:21:48] security.DEBUG: Reloading user from user provider. [] []
[2012-06-24 14:21:48] security.DEBUG: Username "webmaster" was reloaded from user provider. [] []
[2012-06-24 14:21:48] request.ERROR: Symfony\Component\HttpKernel\Exception\NotFoundHttpException: No route found for "GET /bundles/upload/thumb/" (uncaught exception) at D:\wamp\www\Elevage\app\cache\prod\classes.php line 4564 [] []
[2012-06-24 14:21:48] security.DEBUG: Write SecurityContext in the session [] []
[2012-06-24 14:21:49] security.DEBUG: Read SecurityContext from the session [] []
[2012-06-24 14:21:49] security.DEBUG: Reloading user from user provider. [] []
[2012-06-24 14:21:49] security.DEBUG: Username "webmaster" was reloaded from user provider. [] []
[2012-06-24 14:21:49] request.ERROR: Symfony\Component\HttpKernel\Exception\NotFoundHttpException: No route found for "GET /bundles/upload/thumb/thumb_nia.png" (uncaught exception) at D:\wamp\www\Elevage\app\cache\prod\classes.php line 4564 [] []
[2012-06-24 14:21:49] security.DEBUG: Write SecurityContext in the session [] []
[2012-06-24 14:21:49] security.DEBUG: Read SecurityContext from the session [] []
[2012-06-24 14:21:49] security.DEBUG: Reloading user from user provider. [] []
[2012-06-24 14:21:49] security.DEBUG: Username "webmaster" was reloaded from user provider. [] []
[2012-06-24 14:21:49] request.ERROR: Symfony\Component\HttpKernel\Exception\NotFoundHttpException: No route found for "GET /bundles/upload/thumb/thumb_berger-de-caucase-chien.jpg" (uncaught exception) at D:\wamp\www\Elevage\app\cache\prod\classes.php line 4564 [] []
[2012-06-24 14:21:49] security.DEBUG: Write SecurityContext in the session [] []
[2012-06-24 14:22:15] security.DEBUG: Read SecurityContext from the session [] []
[2012-06-24 14:22:15] security.DEBUG: Reloading user from user provider. [] []
[2012-06-24 14:22:15] security.DEBUG: Username "webmaster" was reloaded from user provider. [] []
[2012-06-24 14:22:15] request.ERROR: Symfony\Component\HttpKernel\Exception\NotFoundHttpException: No route found for "GET /bundles/upload/thumb/thumb_nia.png" (uncaught exception) at D:\wamp\www\Elevage\app\cache\prod\classes.php line 4564 [] []
[2012-06-24 14:22:15] security.DEBUG: Write SecurityContext in the session [] []
[2012-06-24 15:13:30] security.DEBUG: Read SecurityContext from the session [] []
[2012-06-24 15:13:30] security.DEBUG: Reloading user from user provider. [] []
[2012-06-24 15:13:30] security.DEBUG: Username "webmaster" was reloaded from user provider. [] []
[2012-06-24 15:13:30] request.ERROR: Symfony\Component\HttpKernel\Exception\NotFoundHttpException: No route found for "GET /bundles/upload/thumb/" (uncaught exception) at D:\wamp\www\Elevage\app\cache\prod\classes.php line 4564 [] []
[2012-06-24 15:13:30] security.DEBUG: Write SecurityContext in the session [] []
[2012-06-24 15:13:31] security.DEBUG: Read SecurityContext from the session [] []
[2012-06-24 15:13:31] security.DEBUG: Reloading user from user provider. [] []
[2012-06-24 15:13:31] security.DEBUG: Username "webmaster" was reloaded from user provider. [] []
[2012-06-24 15:13:31] request.ERROR: Symfony\Component\HttpKernel\Exception\NotFoundHttpException: No route found for "GET /bundles/upload/thumb/thumb_berger-de-caucase-chien.jpg" (uncaught exception) at D:\wamp\www\Elevage\app\cache\prod\classes.php line 4564 [] []
[2012-06-24 15:13:31] security.DEBUG: Write SecurityContext in the session [] []
[2012-06-24 15:18:41] security.DEBUG: Read SecurityContext from the session [] []
[2012-06-24 15:18:41] security.DEBUG: Reloading user from user provider. [] []
[2012-06-24 15:18:42] security.DEBUG: Username "webmaster" was reloaded from user provider. [] []
[2012-06-24 15:18:42] request.ERROR: Symfony\Component\HttpKernel\Exception\NotFoundHttpException: No route found for "GET /bundles/upload/thumb/" (uncaught exception) at D:\wamp\www\Elevage\app\cache\prod\classes.php line 4564 [] []
[2012-06-24 15:18:42] security.DEBUG: Write SecurityContext in the session [] []
[2012-06-24 15:18:42] security.DEBUG: Read SecurityContext from the session [] []
[2012-06-24 15:18:42] security.DEBUG: Reloading user from user provider. [] []
[2012-06-24 15:18:42] security.DEBUG: Username "webmaster" was reloaded from user provider. [] []
[2012-06-24 15:18:42] request.ERROR: Symfony\Component\HttpKernel\Exception\NotFoundHttpException: No route found for "GET /bundles/upload/thumb/thumb_berger-de-caucase-chien.jpg" (uncaught exception) at D:\wamp\www\Elevage\app\cache\prod\classes.php line 4564 [] []
[2012-06-24 15:18:42] security.DEBUG: Write SecurityContext in the session [] []
[2012-06-24 15:22:57] security.DEBUG: Read SecurityContext from the session [] []
[2012-06-24 15:22:57] security.DEBUG: Reloading user from user provider. [] []
[2012-06-24 15:22:57] security.DEBUG: Username "webmaster" was reloaded from user provider. [] []
[2012-06-24 15:22:57] request.ERROR: Symfony\Component\HttpKernel\Exception\NotFoundHttpException: No route found for "GET /uploads/thumb/thumb_berger-de-caucase-chien.jpg" (uncaught exception) at D:\wamp\www\Elevage\app\cache\prod\classes.php line 4564 [] []
[2012-06-24 15:22:57] security.DEBUG: Write SecurityContext in the session [] []
[2012-06-24 15:22:57] security.DEBUG: Read SecurityContext from the session [] []
[2012-06-24 15:22:57] security.DEBUG: Reloading user from user provider. [] []
[2012-06-24 15:22:57] security.DEBUG: Username "webmaster" was reloaded from user provider. [] []
[2012-06-24 15:22:57] request.ERROR: Symfony\Component\HttpKernel\Exception\NotFoundHttpException: No route found for "GET /uploads/thumb/" (uncaught exception) at D:\wamp\www\Elevage\app\cache\prod\classes.php line 4564 [] []
[2012-06-24 15:22:57] security.DEBUG: Write SecurityContext in the session [] []
[2012-06-24 15:23:09] security.DEBUG: Read SecurityContext from the session [] []
[2012-06-24 15:23:09] security.DEBUG: Reloading user from user provider. [] []
[2012-06-24 15:23:09] security.DEBUG: Username "webmaster" was reloaded from user provider. [] []
[2012-06-24 15:23:09] request.ERROR: Symfony\Component\HttpKernel\Exception\NotFoundHttpException: No route found for "GET /uploads/thumb/thumb_berger-de-caucase-chien.jpg" (uncaught exception) at D:\wamp\www\Elevage\app\cache\prod\classes.php line 4564 [] []
[2012-06-24 15:23:09] security.DEBUG: Write SecurityContext in the session [] []
[2012-06-24 15:24:05] security.DEBUG: Read SecurityContext from the session [] []
[2012-06-24 15:24:05] security.DEBUG: Reloading user from user provider. [] []
[2012-06-24 15:24:05] security.DEBUG: Username "webmaster" was reloaded from user provider. [] []
[2012-06-24 15:24:05] request.ERROR: Symfony\Component\HttpKernel\Exception\NotFoundHttpException: No route found for "GET /uploads/thumbs/" (uncaught exception) at D:\wamp\www\Elevage\app\cache\prod\classes.php line 4564 [] []
[2012-06-24 15:24:05] security.DEBUG: Write SecurityContext in the session [] []
[2012-06-24 15:24:05] security.DEBUG: Read SecurityContext from the session [] []
[2012-06-24 15:24:05] security.DEBUG: Reloading user from user provider. [] []
[2012-06-24 15:24:05] security.DEBUG: Username "webmaster" was reloaded from user provider. [] []
[2012-06-24 15:24:05] request.ERROR: Symfony\Component\HttpKernel\Exception\NotFoundHttpException: No route found for "GET /uploads/thumbs/thumb_berger-de-caucase-chien.jpg" (uncaught exception) at D:\wamp\www\Elevage\app\cache\prod\classes.php line 4564 [] []
[2012-06-24 15:24:05] security.DEBUG: Write SecurityContext in the session [] []
[2012-06-24 16:12:41] security.DEBUG: Read SecurityContext from the session [] []
[2012-06-24 16:12:41] security.DEBUG: Reloading user from user provider. [] []
[2012-06-24 16:12:41] security.DEBUG: Username "webmaster" was reloaded from user provider. [] []
[2012-06-24 16:12:41] request.ERROR: Symfony\Component\HttpKernel\Exception\NotFoundHttpException: No route found for "GET /uploads/thumbs/thumb_berger-de-caucase-chien.jpg" (uncaught exception) at D:\wamp\www\Elevage\app\cache\prod\classes.php line 4564 [] []
[2012-06-24 16:12:41] security.DEBUG: Write SecurityContext in the session [] []
[2012-06-24 16:12:41] security.DEBUG: Read SecurityContext from the session [] []
[2012-06-24 16:12:41] security.DEBUG: Reloading user from user provider. [] []
[2012-06-24 16:12:41] security.DEBUG: Username "webmaster" was reloaded from user provider. [] []
[2012-06-24 16:12:41] request.ERROR: Symfony\Component\HttpKernel\Exception\NotFoundHttpException: No route found for "GET /uploads/thumbs/" (uncaught exception) at D:\wamp\www\Elevage\app\cache\prod\classes.php line 4564 [] []
[2012-06-24 16:12:41] security.DEBUG: Write SecurityContext in the session [] []
[2012-06-24 16:13:17] security.DEBUG: Read SecurityContext from the session [] []
[2012-06-24 16:13:17] security.DEBUG: Reloading user from user provider. [] []
[2012-06-24 16:13:17] security.DEBUG: Username "webmaster" was reloaded from user provider. [] []
[2012-06-24 16:13:17] request.ERROR: Symfony\Component\HttpKernel\Exception\NotFoundHttpException: No route found for "GET /uploads/thumbs/thumb_working_hard_pc.gif" (uncaught exception) at D:\wamp\www\Elevage\app\cache\prod\classes.php line 4564 [] []
[2012-06-24 16:13:17] security.DEBUG: Write SecurityContext in the session [] []
[2012-06-24 16:13:17] security.DEBUG: Read SecurityContext from the session [] []
[2012-06-24 16:13:17] security.DEBUG: Reloading user from user provider. [] []
[2012-06-24 16:13:17] security.DEBUG: Username "webmaster" was reloaded from user provider. [] []
[2012-06-24 16:13:17] request.ERROR: Symfony\Component\HttpKernel\Exception\NotFoundHttpException: No route found for "GET /uploads/thumbs/thumb_berger-de-caucase-chien.jpg" (uncaught exception) at D:\wamp\www\Elevage\app\cache\prod\classes.php line 4564 [] []
[2012-06-24 16:13:17] security.DEBUG: Write SecurityContext in the session [] []
[2012-06-24 16:13:30] security.DEBUG: Read SecurityContext from the session [] []
[2012-06-24 16:13:30] security.DEBUG: Reloading user from user provider. [] []
[2012-06-24 16:13:30] security.DEBUG: Username "webmaster" was reloaded from user provider. [] []
[2012-06-24 16:13:30] request.ERROR: Symfony\Component\HttpKernel\Exception\NotFoundHttpException: No route found for "GET /uploads/thumbs/thumb_berger-de-caucase-chien.jpg" (uncaught exception) at D:\wamp\www\Elevage\app\cache\prod\classes.php line 4564 [] []
[2012-06-24 16:13:30] security.DEBUG: Write SecurityContext in the session [] []
[2012-06-24 16:13:57] security.DEBUG: Read SecurityContext from the session [] []
[2012-06-24 16:13:57] security.DEBUG: Reloading user from user provider. [] []
[2012-06-24 16:13:57] security.DEBUG: Username "webmaster" was reloaded from user provider. [] []
[2012-06-24 16:13:57] request.ERROR: Symfony\Component\HttpKernel\Exception\NotFoundHttpException: No route found for "GET /uploads/thumbs/thumb_fb-is-boring.jpg" (uncaught exception) at D:\wamp\www\Elevage\app\cache\prod\classes.php line 4564 [] []
[2012-06-24 16:13:57] security.DEBUG: Write SecurityContext in the session [] []
[2012-06-24 16:13:57] security.DEBUG: Read SecurityContext from the session [] []
[2012-06-24 16:13:57] security.DEBUG: Reloading user from user provider. [] []
[2012-06-24 16:13:57] security.DEBUG: Username "webmaster" was reloaded from user provider. [] []
[2012-06-24 16:13:57] request.ERROR: Symfony\Component\HttpKernel\Exception\NotFoundHttpException: No route found for "GET /uploads/thumbs/thumb_working_hard_pc.gif" (uncaught exception) at D:\wamp\www\Elevage\app\cache\prod\classes.php line 4564 [] []
[2012-06-24 16:13:57] security.DEBUG: Write SecurityContext in the session [] []
[2012-06-24 16:14:00] security.DEBUG: Read SecurityContext from the session [] []
[2012-06-24 16:14:00] security.DEBUG: Reloading user from user provider. [] []
[2012-06-24 16:14:00] security.DEBUG: Username "webmaster" was reloaded from user provider. [] []
[2012-06-24 16:14:00] request.ERROR: Symfony\Component\HttpKernel\Exception\NotFoundHttpException: No route found for "GET /uploads/thumbs/thumb_fb-is-boring.jpg" (uncaught exception) at D:\wamp\www\Elevage\app\cache\prod\classes.php line 4564 [] []
[2012-06-24 16:14:00] security.DEBUG: Write SecurityContext in the session [] []
[2012-06-24 16:14:00] security.DEBUG: Read SecurityContext from the session [] []
[2012-06-24 16:14:00] security.DEBUG: Reloading user from user provider. [] []
[2012-06-24 16:14:00] security.DEBUG: Username "webmaster" was reloaded from user provider. [] []
[2012-06-24 16:14:00] request.ERROR: Symfony\Component\HttpKernel\Exception\NotFoundHttpException: No route found for "GET /uploads/thumbs/thumb_working_hard_pc.gif" (uncaught exception) at D:\wamp\www\Elevage\app\cache\prod\classes.php line 4564 [] []
[2012-06-24 16:14:00] security.DEBUG: Write SecurityContext in the session [] []
[2012-06-24 22:22:01] security.DEBUG: Read SecurityContext from the session [] []
[2012-06-24 22:22:01] security.DEBUG: Reloading user from user provider. [] []
[2012-06-24 22:22:01] security.DEBUG: Username "webmaster" was reloaded from user provider. [] []
[2012-06-24 22:22:01] request.ERROR: Symfony\Component\HttpKernel\Exception\NotFoundHttpException: No route found for "GET /uploads/thumbs/thumb_working_hard_pc.gif" (uncaught exception) at D:\wamp\www\Elevage\app\cache\prod\classes.php line 4564 [] []
[2012-06-24 22:22:01] security.DEBUG: Write SecurityContext in the session [] []
[2012-06-24 22:22:01] security.DEBUG: Read SecurityContext from the session [] []
[2012-06-24 22:22:01] security.DEBUG: Reloading user from user provider. [] []
[2012-06-24 22:22:01] security.DEBUG: Username "webmaster" was reloaded from user provider. [] []
[2012-06-24 22:22:01] request.ERROR: Symfony\Component\HttpKernel\Exception\NotFoundHttpException: No route found for "GET /uploads/thumbs/thumb_berger-de-caucase-chien.jpg" (uncaught exception) at D:\wamp\www\Elevage\app\cache\prod\classes.php line 4564 [] []
[2012-06-24 22:22:01] security.DEBUG: Write SecurityContext in the session [] []
[2012-06-24 22:22:11] security.DEBUG: Read SecurityContext from the session [] []
[2012-06-24 22:22:11] security.DEBUG: Reloading user from user provider. [] []
[2012-06-24 22:22:11] security.DEBUG: Username "webmaster" was reloaded from user provider. [] []
[2012-06-24 22:22:11] request.ERROR: Symfony\Component\HttpKernel\Exception\NotFoundHttpException: No route found for "GET /uploads/thumbs/thumb_berger-de-caucase-chien.jpg" (uncaught exception) at D:\wamp\www\Elevage\app\cache\prod\classes.php line 4564 [] []
[2012-06-24 22:22:11] security.DEBUG: Write SecurityContext in the session [] []
[2012-06-24 22:23:29] security.DEBUG: Read SecurityContext from the session [] []
[2012-06-24 22:23:29] security.DEBUG: Reloading user from user provider. [] []
[2012-06-24 22:23:29] security.DEBUG: Username "webmaster" was reloaded from user provider. [] []
[2012-06-24 22:23:29] request.ERROR: Symfony\Component\HttpKernel\Exception\NotFoundHttpException: No route found for "GET /uploads/thumbs/thumb_nia.png" (uncaught exception) at D:\wamp\www\Elevage\app\cache\prod\classes.php line 4564 [] []
[2012-06-24 22:23:29] security.DEBUG: Write SecurityContext in the session [] []
[2012-06-24 22:23:29] security.DEBUG: Read SecurityContext from the session [] []
[2012-06-24 22:23:29] security.DEBUG: Reloading user from user provider. [] []
[2012-06-24 22:23:29] security.DEBUG: Username "webmaster" was reloaded from user provider. [] []
[2012-06-24 22:23:29] request.ERROR: Symfony\Component\HttpKernel\Exception\NotFoundHttpException: No route found for "GET /uploads/thumbs/thumb_working_hard_pc.gif" (uncaught exception) at D:\wamp\www\Elevage\app\cache\prod\classes.php line 4564 [] []
[2012-06-24 22:23:29] security.DEBUG: Write SecurityContext in the session [] []
[2012-06-24 22:23:29] security.DEBUG: Read SecurityContext from the session [] []
[2012-06-24 22:23:29] security.DEBUG: Reloading user from user provider. [] []
[2012-06-24 22:23:29] security.DEBUG: Username "webmaster" was reloaded from user provider. [] []
[2012-06-24 22:23:29] request.ERROR: Symfony\Component\HttpKernel\Exception\NotFoundHttpException: No route found for "GET /uploads/thumbs/thumb_berger-de-caucase-chien.jpg" (uncaught exception) at D:\wamp\www\Elevage\app\cache\prod\classes.php line 4564 [] []
[2012-06-24 22:23:29] security.DEBUG: Write SecurityContext in the session [] []
[2012-06-24 22:23:29] security.DEBUG: Read SecurityContext from the session [] []
[2012-06-24 22:23:29] security.DEBUG: Reloading user from user provider. [] []
[2012-06-24 22:23:30] security.DEBUG: Username "webmaster" was reloaded from user provider. [] []
[2012-06-24 22:23:30] request.ERROR: Symfony\Component\HttpKernel\Exception\NotFoundHttpException: No route found for "GET /uploads/thumbs/thumb_fb-is-boring.jpg" (uncaught exception) at D:\wamp\www\Elevage\app\cache\prod\classes.php line 4564 [] []
[2012-06-24 22:23:30] security.DEBUG: Write SecurityContext in the session [] []
[2012-06-24 22:24:26] security.DEBUG: Read SecurityContext from the session [] []
[2012-06-24 22:24:26] security.DEBUG: Reloading user from user provider. [] []
[2012-06-24 22:24:26] security.DEBUG: Username "webmaster" was reloaded from user provider. [] []
[2012-06-24 22:24:26] request.ERROR: Symfony\Component\HttpKernel\Exception\NotFoundHttpException: No route found for "GET /uploads/thumbs/thumb_fb-is-boring.jpg" (uncaught exception) at D:\wamp\www\Elevage\app\cache\prod\classes.php line 4564 [] []
[2012-06-24 22:24:26] security.DEBUG: Write SecurityContext in the session [] []
[2012-06-24 22:24:26] security.DEBUG: Read SecurityContext from the session [] []
[2012-06-24 22:24:26] security.DEBUG: Reloading user from user provider. [] []
[2012-06-24 22:24:26] security.DEBUG: Username "webmaster" was reloaded from user provider. [] []
[2012-06-24 22:24:26] request.ERROR: Symfony\Component\HttpKernel\Exception\NotFoundHttpException: No route found for "GET /uploads/thumbs/thumb_working_hard_pc.gif" (uncaught exception) at D:\wamp\www\Elevage\app\cache\prod\classes.php line 4564 [] []
[2012-06-24 22:24:26] security.DEBUG: Write SecurityContext in the session [] []
[2012-06-25 10:43:40] security.DEBUG: Read SecurityContext from the session [] []
[2012-06-25 10:43:40] security.DEBUG: Reloading user from user provider. [] []
[2012-06-25 10:43:40] security.DEBUG: Username "webmaster" was reloaded from user provider. [] []
[2012-06-25 10:43:40] request.ERROR: Symfony\Component\HttpKernel\Exception\NotFoundHttpException: No route found for "GET /uploads/thumbs/thumb_berger-de-caucase-chien.jpg" (uncaught exception) at D:\wamp\www\Elevage\app\cache\prod\classes.php line 4564 [] []
[2012-06-25 10:43:40] security.DEBUG: Write SecurityContext in the session [] []
[2012-06-25 10:43:40] security.DEBUG: Read SecurityContext from the session [] []
[2012-06-25 10:43:40] security.DEBUG: Reloading user from user provider. [] []
[2012-06-25 10:43:40] security.DEBUG: Username "webmaster" was reloaded from user provider. [] []
[2012-06-25 10:43:40] request.ERROR: Symfony\Component\HttpKernel\Exception\NotFoundHttpException: No route found for "GET /uploads/thumbs/thumb_working_hard_pc.gif" (uncaught exception) at D:\wamp\www\Elevage\app\cache\prod\classes.php line 4564 [] []
[2012-06-25 10:43:40] security.DEBUG: Write SecurityContext in the session [] []
[2012-06-25 10:43:40] security.DEBUG: Read SecurityContext from the session [] []
[2012-06-25 10:43:40] security.DEBUG: Reloading user from user provider. [] []
[2012-06-25 10:43:40] security.DEBUG: Username "webmaster" was reloaded from user provider. [] []
[2012-06-25 10:43:40] request.ERROR: Symfony\Component\HttpKernel\Exception\NotFoundHttpException: No route found for "GET /uploads/thumbs/thumb_fb-is-boring.jpg" (uncaught exception) at D:\wamp\www\Elevage\app\cache\prod\classes.php line 4564 [] []
[2012-06-25 10:43:40] security.DEBUG: Write SecurityContext in the session [] []
[2012-06-25 10:44:11] security.DEBUG: Read SecurityContext from the session [] []
[2012-06-25 10:44:11] security.DEBUG: Reloading user from user provider. [] []
[2012-06-25 10:44:11] security.DEBUG: Username "webmaster" was reloaded from user provider. [] []
[2012-06-25 10:44:11] request.ERROR: Symfony\Component\HttpKernel\Exception\NotFoundHttpException: No route found for "GET /uploads/thumbs/thumb_fb-is-boring.jpg" (uncaught exception) at D:\wamp\www\Elevage\app\cache\prod\classes.php line 4564 [] []
[2012-06-25 10:44:11] security.DEBUG: Write SecurityContext in the session [] []
[2012-06-25 10:44:11] security.DEBUG: Read SecurityContext from the session [] []
[2012-06-25 10:44:11] security.DEBUG: Reloading user from user provider. [] []
[2012-06-25 10:44:11] security.DEBUG: Username "webmaster" was reloaded from user provider. [] []
[2012-06-25 10:44:11] request.ERROR: Symfony\Component\HttpKernel\Exception\NotFoundHttpException: No route found for "GET /uploads/thumbs/thumb_working_hard_pc.gif" (uncaught exception) at D:\wamp\www\Elevage\app\cache\prod\classes.php line 4564 [] []
[2012-06-25 10:44:11] security.DEBUG: Write SecurityContext in the session [] []
[2012-06-25 10:44:35] security.INFO: Populated SecurityContext with an anonymous Token [] []
[2012-06-25 10:44:35] request.ERROR: Symfony\Component\HttpKernel\Exception\NotFoundHttpException: No route found for "GET /uploads/thumbs/thumb_fb-is-boring.jpg" (uncaught exception) at D:\wamp\www\Elevage\app\cache\prod\classes.php line 4564 [] []
[2012-06-25 10:44:35] security.INFO: Populated SecurityContext with an anonymous Token [] []
[2012-06-25 10:44:35] request.ERROR: Symfony\Component\HttpKernel\Exception\NotFoundHttpException: No route found for "GET /uploads/thumbs/thumb_working_hard_pc.gif" (uncaught exception) at D:\wamp\www\Elevage\app\cache\prod\classes.php line 4564 [] []
[2012-06-25 10:46:39] security.DEBUG: Read SecurityContext from the session [] []
[2012-06-25 10:46:39] security.DEBUG: Reloading user from user provider. [] []
[2012-06-25 10:46:39] security.DEBUG: Username "webmaster" was reloaded from user provider. [] []
[2012-06-25 10:46:39] request.ERROR: Symfony\Component\HttpKernel\Exception\NotFoundHttpException: No route found for "GET /uploads/thumbs/thumb_fb-is-boring.jpg" (uncaught exception) at D:\wamp\www\Elevage\app\cache\prod\classes.php line 4564 [] []
[2012-06-25 10:46:39] security.DEBUG: Write SecurityContext in the session [] []
[2012-06-25 10:46:55] security.DEBUG: Read SecurityContext from the session [] []
[2012-06-25 10:46:55] security.DEBUG: Reloading user from user provider. [] []
[2012-06-25 10:46:55] security.DEBUG: Username "webmaster" was reloaded from user provider. [] []
[2012-06-25 10:46:55] request.ERROR: Symfony\Component\HttpKernel\Exception\NotFoundHttpException: No route found for "GET /uploads/thumbs/thumb_fb-is-boring.jpg" (uncaught exception) at D:\wamp\www\Elevage\app\cache\prod\classes.php line 4564 [] []
[2012-06-25 10:46:55] security.DEBUG: Write SecurityContext in the session [] []
